<?xml version="1.0" encoding="UTF-8"?>
<testng-results ignored="0" total="2" passed="2" failed="0" skipped="0">
  <reporter-output>
  </reporter-output>
  <suite started-at="2023-03-29T11:18:16 IST" name="Default suite" finished-at="2023-03-29T11:18:29 IST" duration-ms="12940">
    <groups>
    </groups>
    <test started-at="2023-03-29T11:18:16 IST" name="Default test" finished-at="2023-03-29T11:18:29 IST" duration-ms="12940">
      <class name="Project.BeforeAndAfter">
        <test-method is-config="true" signature="f1()[pri:0, instance:Project.BeforeAndAfter@76908cc0]" started-at="2023-03-29T11:18:16 IST" name="f1" finished-at="2023-03-29T11:18:19 IST" duration-ms="3064" status="PASS">
          <reporter-output>
          </reporter-output>
        </test-method> <!-- f1 -->
        <test-method is-config="true" signature="f2()[pri:0, instance:Project.BeforeAndAfter@76908cc0]" started-at="2023-03-29T11:18:19 IST" name="f2" finished-at="2023-03-29T11:18:19 IST" duration-ms="1" status="PASS">
          <reporter-output>
          </reporter-output>
        </test-method> <!-- f2 -->
        <test-method signature="f3()[pri:1, instance:Project.BeforeAndAfter@76908cc0]" started-at="2023-03-29T11:18:19 IST" name="f3" finished-at="2023-03-29T11:18:24 IST" duration-ms="5441" status="PASS">
          <reporter-output>
          </reporter-output>
        </test-method> <!-- f3 -->
        <test-method is-config="true" signature="f5()[pri:0, instance:Project.BeforeAndAfter@76908cc0]" started-at="2023-03-29T11:18:24 IST" name="f5" finished-at="2023-03-29T11:18:24 IST" duration-ms="3" status="PASS">
          <reporter-output>
          </reporter-output>
        </test-method> <!-- f5 -->
        <test-method signature="f4()[pri:2, instance:Project.BeforeAndAfter@76908cc0]" started-at="2023-03-29T11:18:24 IST" name="f4" finished-at="2023-03-29T11:18:28 IST" duration-ms="4219" status="PASS">
          <reporter-output>
          </reporter-output>
        </test-method> <!-- f4 -->
        <test-method is-config="true" signature="f2()[pri:0, instance:Project.BeforeAndAfter@76908cc0]" started-at="2023-03-29T11:18:24 IST" name="f2" finished-at="2023-03-29T11:18:24 IST" duration-ms="0" status="PASS">
          <reporter-output>
          </reporter-output>
        </test-method> <!-- f2 -->
        <test-method is-config="true" signature="f5()[pri:0, instance:Project.BeforeAndAfter@76908cc0]" started-at="2023-03-29T11:18:28 IST" name="f5" finished-at="2023-03-29T11:18:28 IST" duration-ms="6" status="PASS">
          <reporter-output>
          </reporter-output>
        </test-method> <!-- f5 -->
        <test-method is-config="true" signature="f6()[pri:0, instance:Project.BeforeAndAfter@76908cc0]" started-at="2023-03-29T11:18:28 IST" name="f6" finished-at="2023-03-29T11:18:29 IST" duration-ms="143" status="PASS">
          <reporter-output>
          </reporter-output>
        </test-method> <!-- f6 -->
      </class> <!-- Project.BeforeAndAfter -->
    </test> <!-- Default test -->
  </suite> <!-- Default suite -->
</testng-results>
